Arguments: 
  D:\develop\.env\node\node.exe C:\Users\julien\AppData\Roaming\npm\node_modules\yarn\bin\yarn.js

PATH: 
  D:\develop\Web\MyGraceBlog\node_modules\.bin;C:\WINDOWS;C:\WINDOWS\System32\Wbem;C:\WINDOWS\System32\WindowsPowerShell\v1.0\;C:\WINDOWS\System32\OpenSSH\;C:\Program Files\Git\cmd;D:\develop\.env\Python\py10\;D:\develop\.env\Python\py10\Scripts\;D:\develop\.env\node\;D:\develop\.env\Python\py10\Scripts\;D:\develop\.env\Python\py10\;C:\Users\julien\AppData\Local\Microsoft\WindowsApps;;C:\Program Files\JetBrains\PyCharm 2021.2.1\bin;;C:\Users\julien\AppData\Roaming\npm;C:\Users\julien\AppData\Local\Programs\Microsoft VS Code\bin

Yarn version: 
  1.22.19

Node version: 
  18.13.0

Platform: 
  win32 x64

Trace: 
  Error: EPERM: operation not permitted, unlink 'D:\develop\Web\MyGraceBlog\node_modules\@esbuild\win32-x64\esbuild.exe'

npm manifest: 
  {
    "name": "mygraceblog",
    "private": true,
    "version": "0.0.0",
    "type": "module",
    "scripts": {
      "dev": "vite --mode dev",
      "build": "vite build --mode pro",
      "preview": "vite preview --mode dev"
    },
    "dependencies": {
      "@arco-design/web-vue": "^2.43.2",
      "axios": "^1.3.4",
      "vue": "^3.2.45",
      "@kangc/v-md-editor": "^2.3.15"
    },
    "devDependencies": {
      "@vitejs/plugin-vue": "^4.0.0",
      "vite": "^4.1.0",
      "vue-router": "^4.1.6"
    }
  }

yarn manifest: 
  No manifest

Lockfile: 
  No lockfile
